<?xml version="1.0" encoding="UTF-8"?>
<!-- Generated by org.testng.reporters.JUnitReportReporter -->
<testsuite hostname="DESKTOP-37EBRU3" failures="0" tests="1" name="testReport.GenerateReport" time="28.028" errors="0" timestamp="2022-07-25T20:58:19 IST" skipped="0">
  <testcase classname="testReport.GenerateReport" name="testMethod" time="28.028"/>
  <system-out/>
</testsuite> <!-- testReport.GenerateReport -->
